<?xml version="1.0" encoding="UTF-8"?>
<!-- Generated by org.testng.reporters.JUnitReportReporter -->
<testsuite skipped="0" hostname="NAVIN-PC" name="pageObjectRepository.test01Methods" tests="2" failures="0" timestamp="29 Sep 2019 08:32:40 GMT" time="64.011" errors="0">
  <testcase name="loginWebApp" time="8.830" classname="pageObjectRepository.test01Methods"/>
  <testcase name="searchJobwithRequiredFilter" time="55.181" classname="pageObjectRepository.test01Methods"/>
</testsuite> <!-- pageObjectRepository.test01Methods -->
